TN:
SF:src\services\slices\all-orders-slice.ts
FN:2,asyncGeneratorStep
FN:2,_asyncToGenerator
FN:2,_next
FN:2,_throw
FN:23,_callee
FN:23,_callee$
FN:33,extraReducers
FNF:7
FNH:7
FNDA:6,asyncGeneratorStep
FNDA:4,_asyncToGenerator
FNDA:5,_next
FNDA:1,_throw
FNDA:3,_callee
FNDA:8,_callee$
FNDA:4,extraReducers
DA:1,1
DA:2,1
DA:3,1
DA:4,1
DA:5,1
DA:6,1
DA:7,1
DA:8,1
DA:9,1
DA:10,1
DA:11,1
DA:12,1
DA:13,1
DA:14,1
DA:15,1
DA:16,1
DA:17,1
DA:18,1
DA:19,1
DA:20,1
DA:21,1
DA:22,1
DA:23,1
DA:24,3
DA:25,2
DA:26,3
DA:27,1
DA:28,1
DA:29,1
DA:30,1
DA:31,1
DA:32,1
DA:33,1
DA:34,4
DA:35,4
DA:36,3
DA:37,3
DA:38,4
DA:39,4
DA:40,2
DA:41,2
DA:42,2
DA:43,2
DA:44,4
DA:45,4
DA:46,1
DA:47,1
DA:48,4
DA:49,4
DA:50,1
DA:51,1
DA:52,1
LF:52
LH:52
BRDA:2,0,0,6
BRDA:2,1,0,1
BRDA:2,2,0,5
BRDA:2,3,0,2
BRDA:2,4,0,3
BRDA:2,5,0,4
BRDA:2,6,0,3
BRDA:2,7,0,3
BRDA:2,8,0,5
BRDA:2,9,0,1
BRDA:23,10,0,3
BRDA:23,11,0,8
BRDA:23,12,0,3
BRDA:24,13,0,2
BRDA:25,14,0,0
BRDA:25,15,0,3
BRDA:33,16,0,4
BRDA:35,17,0,3
BRDA:39,18,0,2
BRDA:45,19,0,1
BRDA:47,20,0,0
BRF:21
BRH:19
end_of_record
TN:
SF:src\services\slices\constructor-slice.ts
FN:22,addBun
FN:26,addIngredient
FN:30,removeBun
FN:34,removeIngredient
FN:40,moveIngredient
FN:52,clearConstructor
FN:57,setOrderRequest
FN:61,setOrderModalData
FNF:8
FNH:3
FNDA:0,addBun
FNDA:1,addIngredient
FNDA:0,removeBun
FNDA:1,removeIngredient
FNDA:1,moveIngredient
FNDA:0,clearConstructor
FNDA:0,setOrderRequest
FNDA:0,setOrderModalData
DA:1,1
DA:2,1
DA:3,1
DA:4,1
DA:5,1
DA:6,1
DA:7,1
DA:8,1
DA:9,1
DA:10,1
DA:11,1
DA:12,1
DA:13,1
DA:14,1
DA:15,1
DA:16,1
DA:17,1
DA:18,1
DA:19,1
DA:20,1
DA:21,1
DA:22,1
DA:23,0
DA:24,0
DA:25,1
DA:26,1
DA:27,1
DA:28,1
DA:29,1
DA:30,1
DA:31,0
DA:32,0
DA:33,1
DA:34,1
DA:35,1
DA:36,1
DA:37,1
DA:38,1
DA:39,1
DA:40,1
DA:41,1
DA:42,1
DA:43,1
DA:44,1
DA:45,1
DA:46,1
DA:47,1
DA:48,1
DA:49,1
DA:50,1
DA:51,1
DA:52,1
DA:53,0
DA:54,0
DA:55,0
DA:56,1
DA:57,1
DA:58,0
DA:59,0
DA:60,1
DA:61,1
DA:62,0
DA:63,0
DA:64,1
DA:65,1
DA:66,1
DA:67,1
DA:68,1
DA:69,1
DA:70,1
DA:71,1
DA:72,1
DA:73,1
DA:74,1
DA:75,1
DA:76,1
DA:77,1
DA:78,1
DA:79,1
LF:79
LH:68
BRDA:26,0,0,1
BRDA:28,1,0,0
BRDA:34,2,0,1
BRDA:37,3,0,1
BRDA:40,4,0,1
BRF:5
BRH:4
end_of_record
TN:
SF:src\services\slices\ingredients-slice.ts
FN:2,_regeneratorRuntime
FN:2,o
FN:2,define
FN:2,define
FN:2,wrap
FN:2,tryCatch
FN:2,Generator
FN:2,GeneratorFunction
FN:2,GeneratorFunctionPrototype
FN:2,defineIteratorMethods
FN:2,AsyncIterator
FN:2,makeInvokeMethod
FN:2,maybeInvokeDelegate
FN:2,pushTryEntry
FN:2,resetTryEntry
FN:2,Context
FN:2,values
FN:2,next
FN:2,e.isGeneratorFunction
FN:2,e.mark
FN:2,e.awrap
FN:2,e.async
FN:2,e.keys
FN:2,reset
FN:2,stop
FN:2,dispatchException
FN:2,handle
FN:2,abrupt
FN:2,complete
FN:2,finish
FN:2,_catch
FN:2,delegateYield
FN:2,asyncGeneratorStep
FN:2,_asyncToGenerator
FN:2,_next
FN:2,_throw
FN:24,_callee
FN:24,_callee$
FN:41,_callee2
FN:64,setSelectedIngredient
FN:68,extraReducers
FNF:41
FNH:25
FNDA:7,_regeneratorRuntime
FNDA:0,o
FNDA:52,define
FNDA:0,define
FNDA:3,wrap
FNDA:9,tryCatch
FNDA:0,Generator
FNDA:0,GeneratorFunction
FNDA:0,GeneratorFunctionPrototype
FNDA:8,defineIteratorMethods
FNDA:0,AsyncIterator
FNDA:3,makeInvokeMethod
FNDA:0,maybeInvokeDelegate
FNDA:3,pushTryEntry
FNDA:7,resetTryEntry
FNDA:3,Context
FNDA:4,values
FNDA:0,next
FNDA:0,e.isGeneratorFunction
FNDA:8,e.mark
FNDA:0,e.awrap
FNDA:0,e.async
FNDA:0,e.keys
FNDA:3,reset
FNDA:3,stop
FNDA:1,dispatchException
FNDA:1,handle
FNDA:6,abrupt
FNDA:6,complete
FNDA:0,finish
FNDA:1,_catch
FNDA:0,delegateYield
FNDA:6,asyncGeneratorStep
FNDA:8,_asyncToGenerator
FNDA:5,_next
FNDA:1,_throw
FNDA:3,_callee
FNDA:9,_callee$
FNDA:0,_callee2
FNDA:0,setSelectedIngredient
FNDA:4,extraReducers
DA:1,1
DA:2,1
DA:3,1
DA:4,1
DA:5,1
DA:6,1
DA:7,1
DA:8,1
DA:9,1
DA:10,1
DA:11,1
DA:12,1
DA:13,1
DA:14,1
DA:15,1
DA:16,1
DA:17,1
DA:18,1
DA:19,1
DA:20,1
DA:21,1
DA:22,1
DA:23,1
DA:24,1
DA:25,3
DA:26,3
DA:27,2
DA:28,1
DA:29,1
DA:30,1
DA:31,1
DA:32,4
DA:33,1
DA:34,1
DA:35,1
DA:36,1
DA:37,1
DA:38,1
DA:39,1
DA:40,1
DA:41,4
DA:42,0
DA:43,0
DA:44,0
DA:45,0
DA:46,0
DA:47,0
DA:48,0
DA:49,0
DA:50,0
DA:51,0
DA:52,0
DA:53,0
DA:54,0
DA:55,0
DA:56,4
DA:57,4
DA:58,1
DA:59,1
DA:60,1
DA:61,1
DA:62,1
DA:63,1
DA:64,1
DA:65,0
DA:66,0
DA:67,1
DA:68,1
DA:69,4
DA:70,4
DA:71,3
DA:72,3
DA:73,4
DA:74,4
DA:75,2
DA:76,2
DA:77,2
DA:78,4
DA:79,4
DA:80,1
DA:81,1
DA:82,4
DA:83,4
DA:84,0
DA:85,0
DA:86,4
DA:87,4
DA:88,0
DA:89,0
DA:90,0
DA:91,4
DA:92,4
DA:93,0
DA:94,0
DA:95,4
DA:96,4
DA:97,1
DA:98,1
DA:99,1
DA:100,1
LF:100
LH:77
BRDA:2,0,0,0
BRDA:2,1,0,0
BRDA:2,2,0,0
BRDA:2,3,0,0
BRDA:2,4,0,0
BRDA:2,5,0,0
BRDA:2,6,0,7
BRDA:2,7,0,52
BRDA:2,8,0,3
BRDA:2,9,0,0
BRDA:2,10,0,0
BRDA:2,11,0,9
BRDA:2,12,0,0
BRDA:2,13,0,8
BRDA:2,14,0,24
BRDA:2,15,0,6
BRDA:2,16,0,3
BRDA:2,17,0,6
BRDA:2,18,0,0
BRDA:2,19,0,0
BRDA:2,20,0,9
BRDA:2,21,0,0
BRDA:2,22,0,5
BRDA:2,23,0,4
BRDA:2,24,0,1
BRDA:2,25,0,0
BRDA:2,26,0,3
BRDA:2,27,0,3
BRDA:2,28,0,6
BRDA:2,29,0,3
BRDA:2,30,0,6
BRDA:2,31,0,0
BRDA:2,32,0,3
BRDA:2,33,0,0
BRDA:2,34,0,7
BRDA:2,35,0,6
BRDA:2,36,0,3
BRDA:2,37,0,4
BRDA:2,38,0,0
BRDA:2,39,0,0
BRDA:2,40,0,0
BRDA:2,41,0,8
BRDA:2,42,0,0
BRDA:2,43,0,3
BRDA:2,44,0,0
BRDA:2,45,0,3
BRDA:2,46,0,0
BRDA:2,47,0,1
BRDA:2,48,0,0
BRDA:2,49,0,0
BRDA:2,50,0,0
BRDA:2,51,0,0
BRDA:2,52,0,1
BRDA:2,53,0,6
BRDA:2,54,0,12
BRDA:2,55,0,6
BRDA:2,56,0,0
BRDA:2,57,0,0
BRDA:2,58,0,0
BRDA:2,59,0,0
BRDA:2,60,0,0
BRDA:2,61,0,0
BRDA:2,62,0,0
BRDA:2,63,0,0
BRDA:2,64,0,6
BRDA:2,65,0,0
BRDA:2,66,0,0
BRDA:2,67,0,0
BRDA:2,68,0,1
BRDA:2,69,0,0
BRDA:2,70,0,6
BRDA:2,71,0,0
BRDA:2,72,0,3
BRDA:2,73,0,8
BRDA:2,74,0,3
BRDA:2,75,0,3
BRDA:2,76,0,5
BRDA:2,77,0,1
BRDA:24,78,0,4
BRDA:24,79,0,3
BRDA:24,80,0,9
BRDA:24,81,0,3
BRDA:26,82,0,2
BRDA:27,83,0,1
BRDA:30,84,0,0
BRDA:31,85,0,0
BRDA:31,86,0,3
BRDA:33,87,0,3
BRDA:40,88,0,4
BRDA:68,89,0,4
BRDA:70,90,0,3
BRDA:74,91,0,2
BRDA:79,92,0,1
BRDA:81,93,0,0
BRF:94
BRH:53
end_of_record
TN:
SF:src\services\slices\user-orders-slice.ts
FN:2,asyncGeneratorStep
FN:2,_asyncToGenerator
FN:2,_next
FN:2,_throw
FN:23,_callee
FN:23,_callee$
FN:33,extraReducers
FNF:7
FNH:7
FNDA:6,asyncGeneratorStep
FNDA:4,_asyncToGenerator
FNDA:5,_next
FNDA:1,_throw
FNDA:3,_callee
FNDA:8,_callee$
FNDA:4,extraReducers
DA:1,1
DA:2,1
DA:3,1
DA:4,1
DA:5,1
DA:6,1
DA:7,1
DA:8,1
DA:9,1
DA:10,1
DA:11,1
DA:12,1
DA:13,1
DA:14,1
DA:15,1
DA:16,1
DA:17,1
DA:18,1
DA:19,1
DA:20,1
DA:21,1
DA:22,1
DA:23,1
DA:24,3
DA:25,2
DA:26,3
DA:27,1
DA:28,1
DA:29,1
DA:30,1
DA:31,1
DA:32,1
DA:33,1
DA:34,4
DA:35,4
DA:36,3
DA:37,3
DA:38,4
DA:39,4
DA:40,2
DA:41,2
DA:42,4
DA:43,4
DA:44,1
DA:45,1
DA:46,1
DA:47,4
DA:48,4
DA:49,1
DA:50,1
DA:51,1
LF:51
LH:51
BRDA:2,0,0,6
BRDA:2,1,0,1
BRDA:2,2,0,5
BRDA:2,3,0,2
BRDA:2,4,0,3
BRDA:2,5,0,4
BRDA:2,6,0,3
BRDA:2,7,0,3
BRDA:2,8,0,5
BRDA:2,9,0,1
BRDA:23,10,0,3
BRDA:23,11,0,8
BRDA:23,12,0,3
BRDA:24,13,0,2
BRDA:25,14,0,0
BRDA:25,15,0,3
BRDA:33,16,0,4
BRDA:35,17,0,3
BRDA:39,18,0,2
BRDA:43,19,0,1
BRDA:46,20,0,0
BRF:21
BRH:19
end_of_record
TN:
SF:src\services\slices\user-slice.ts
FN:2,asyncGeneratorStep
FN:2,_asyncToGenerator
FN:2,_next
FN:2,_throw
FN:19,_callee
FN:19,_callee$
FN:26,_callee2
FN:26,_callee2$
FN:32,_callee3
FN:32,_callee3$
FN:45,setAuthenticated
FN:49,extraReducers
FNF:12
FNH:12
FNDA:17,asyncGeneratorStep
FNDA:12,_asyncToGenerator
FNDA:14,_next
FNDA:3,_throw
FNDA:4,_callee
FNDA:11,_callee$
FNDA:2,_callee2
FNDA:5,_callee2$
FNDA:3,_callee3
FNDA:6,_callee3$
FNDA:2,setAuthenticated
FNDA:4,extraReducers
DA:1,1
DA:2,3
DA:3,1
DA:4,1
DA:5,1
DA:6,1
DA:7,1
DA:8,1
DA:9,1
DA:10,1
DA:11,1
DA:12,1
DA:13,1
DA:14,1
DA:15,1
DA:16,1
DA:17,1
DA:18,1
DA:19,1
DA:20,4
DA:21,3
DA:22,1
DA:23,1
DA:24,1
DA:25,1
DA:26,4
DA:27,2
DA:28,1
DA:29,4
DA:30,1
DA:31,1
DA:32,1
DA:33,3
DA:34,1
DA:35,1
DA:36,1
DA:37,1
DA:38,1
DA:39,1
DA:40,1
DA:41,1
DA:42,1
DA:43,1
DA:44,1
DA:45,1
DA:46,2
DA:47,2
DA:48,1
DA:49,1
DA:50,4
DA:51,4
DA:52,4
DA:53,4
DA:54,4
DA:55,4
DA:56,3
DA:57,3
DA:58,3
DA:59,4
DA:60,4
DA:61,1
DA:62,1
DA:63,1
DA:64,4
DA:65,4
DA:66,2
DA:67,2
DA:68,4
DA:69,4
DA:70,1
DA:71,1
DA:72,4
DA:73,4
DA:74,1
DA:75,1
DA:76,4
DA:77,4
DA:78,1
DA:79,1
DA:80,1
DA:81,1
DA:82,4
DA:83,4
DA:84,1
DA:85,1
DA:86,4
DA:87,4
DA:88,3
DA:89,3
DA:90,4
DA:91,4
DA:92,1
DA:93,1
DA:94,1
DA:95,1
LF:95
LH:95
BRDA:2,0,0,17
BRDA:2,1,0,3
BRDA:2,2,0,14
BRDA:2,3,0,5
BRDA:2,4,0,9
BRDA:2,5,0,12
BRDA:2,6,0,9
BRDA:2,7,0,9
BRDA:2,8,0,14
BRDA:2,9,0,3
BRDA:19,10,0,4
BRDA:19,11,0,11
BRDA:19,12,0,4
BRDA:20,13,0,3
BRDA:21,14,0,0
BRDA:21,15,0,4
BRDA:25,16,0,4
BRDA:26,17,0,2
BRDA:26,18,0,5
BRDA:26,19,0,2
BRDA:27,20,0,1
BRDA:28,21,0,0
BRDA:28,22,0,2
BRDA:32,23,0,3
BRDA:32,24,0,6
BRDA:32,25,0,3
BRDA:33,26,0,1
BRDA:38,27,0,0
BRDA:38,28,0,2
BRDA:45,29,0,2
BRDA:49,30,0,4
BRDA:51,31,0,4
BRDA:55,32,0,3
BRDA:60,33,0,1
BRDA:62,34,0,0
BRDA:65,35,0,2
BRDA:69,36,0,1
BRDA:73,37,0,1
BRDA:75,38,0,0
BRDA:77,39,0,1
BRDA:83,40,0,1
BRDA:85,41,0,0
BRDA:87,42,0,3
BRF:43
BRH:37
end_of_record
TN:
SF:src\services\store\store.ts
FN:30,loading
FN:31,error
FN:36,middleware
FNF:3
FNH:3
FNDA:49,loading
FNDA:49,error
FNDA:4,middleware
DA:1,1
DA:2,1
DA:3,1
DA:4,1
DA:5,1
DA:6,1
DA:7,1
DA:8,1
DA:9,1
DA:10,1
DA:11,1
DA:12,1
DA:13,1
DA:14,1
DA:15,1
DA:16,1
DA:17,1
DA:18,1
DA:19,1
DA:20,1
DA:21,1
DA:22,1
DA:23,1
DA:24,1
DA:25,1
DA:26,1
DA:27,1
DA:28,1
DA:29,1
DA:30,1
DA:31,1
DA:32,1
DA:33,1
DA:34,1
DA:35,1
DA:36,1
DA:37,4
DA:38,4
DA:39,4
DA:40,1
DA:41,1
DA:42,1
DA:43,1
DA:44,1
DA:45,1
DA:46,1
DA:47,1
LF:47
LH:47
BRDA:30,0,0,49
BRDA:30,1,0,37
BRDA:30,2,0,12
BRDA:30,3,0,0
BRDA:31,4,0,49
BRDA:31,5,0,37
BRDA:31,6,0,12
BRDA:31,7,0,0
BRDA:36,8,0,4
BRF:9
BRH:7
end_of_record
TN:
SF:src\utils\burger-api.ts
FN:2,_regeneratorRuntime
FN:2,_regeneratorRuntime
FN:2,o
FN:2,define
FN:2,define
FN:2,wrap
FN:2,tryCatch
FN:2,Generator
FN:2,GeneratorFunction
FN:2,GeneratorFunctionPrototype
FN:2,defineIteratorMethods
FN:2,AsyncIterator
FN:2,makeInvokeMethod
FN:2,maybeInvokeDelegate
FN:2,pushTryEntry
FN:2,resetTryEntry
FN:2,Context
FN:2,values
FN:2,next
FN:2,e.isGeneratorFunction
FN:2,e.mark
FN:2,e.awrap
FN:2,e.async
FN:2,e.keys
FN:2,reset
FN:2,stop
FN:2,dispatchException
FN:2,abrupt
FN:2,complete
FN:2,finish
FN:2,_catch
FN:2,delegateYield
FN:2,asyncGeneratorStep
FN:2,_asyncToGenerator
FN:6,checkResponse
FN:18,refreshToken
FN:38,_callee
FN:74,getIngredientsApi
FN:82,getFeedsApi
FN:90,getOrdersApi
FN:107,orderBurgerApi
FN:126,getOrderByNumberApi
FN:146,registerUserApi
FN:165,loginUserApi
FN:179,forgotPasswordApi
FN:193,resetPasswordApi
FN:209,getUserApi
FN:216,updateUserApi
FN:226,logoutApi
FNF:49
FNH:6
FNDA:4,_regeneratorRuntime
FNDA:0,_regeneratorRuntime
FNDA:0,o
FNDA:52,define
FNDA:0,define
FNDA:0,wrap
FNDA:0,tryCatch
FNDA:0,Generator
FNDA:0,GeneratorFunction
FNDA:0,GeneratorFunctionPrototype
FNDA:8,defineIteratorMethods
FNDA:0,AsyncIterator
FNDA:0,makeInvokeMethod
FNDA:0,maybeInvokeDelegate
FNDA:0,pushTryEntry
FNDA:0,resetTryEntry
FNDA:0,Context
FNDA:4,values
FNDA:0,next
FNDA:0,e.isGeneratorFunction
FNDA:4,e.mark
FNDA:0,e.awrap
FNDA:0,e.async
FNDA:0,e.keys
FNDA:0,reset
FNDA:0,stop
FNDA:0,dispatchException
FNDA:0,abrupt
FNDA:0,complete
FNDA:0,finish
FNDA:0,_catch
FNDA:0,delegateYield
FNDA:0,asyncGeneratorStep
FNDA:4,_asyncToGenerator
FNDA:0,checkResponse
FNDA:0,refreshToken
FNDA:0,_callee
FNDA:0,getIngredientsApi
FNDA:0,getFeedsApi
FNDA:0,getOrdersApi
FNDA:0,orderBurgerApi
FNDA:0,getOrderByNumberApi
FNDA:0,registerUserApi
FNDA:0,loginUserApi
FNDA:0,forgotPasswordApi
FNDA:0,resetPasswordApi
FNDA:0,getUserApi
FNDA:0,updateUserApi
FNDA:0,logoutApi
DA:1,1
DA:2,0
DA:3,1
DA:4,1
DA:5,1
DA:6,1
DA:7,0
DA:8,1
DA:9,1
DA:10,1
DA:11,1
DA:12,1
DA:13,1
DA:14,1
DA:15,1
DA:16,1
DA:17,1
DA:18,1
DA:19,0
DA:20,0
DA:21,0
DA:22,0
DA:23,0
DA:24,0
DA:25,0
DA:26,0
DA:27,0
DA:28,0
DA:29,0
DA:30,0
DA:31,0
DA:32,0
DA:33,0
DA:34,0
DA:35,0
DA:36,0
DA:37,1
DA:38,1
DA:39,0
DA:40,0
DA:41,0
DA:42,0
DA:43,0
DA:44,0
DA:45,0
DA:46,0
DA:47,0
DA:48,0
DA:49,0
DA:50,0
DA:51,0
DA:52,0
DA:53,0
DA:54,0
DA:55,0
DA:56,1
DA:57,1
DA:58,1
DA:59,1
DA:60,1
DA:61,1
DA:62,1
DA:63,1
DA:64,1
DA:65,1
DA:66,1
DA:67,1
DA:68,1
DA:69,1
DA:70,1
DA:71,1
DA:72,1
DA:73,1
DA:74,1
DA:75,0
DA:76,0
DA:77,0
DA:78,0
DA:79,0
DA:80,0
DA:81,1
DA:82,1
DA:83,0
DA:84,0
DA:85,0
DA:86,0
DA:87,0
DA:88,0
DA:89,1
DA:90,1
DA:91,0
DA:92,0
DA:93,0
DA:94,0
DA:95,0
DA:96,0
DA:97,0
DA:98,0
DA:99,0
DA:100,0
DA:101,1
DA:102,1
DA:103,1
DA:104,1
DA:105,1
DA:106,1
DA:107,1
DA:108,0
DA:109,0
DA:110,0
DA:111,0
DA:112,0
DA:113,0
DA:114,0
DA:115,0
DA:116,0
DA:117,0
DA:118,0
DA:119,0
DA:120,0
DA:121,1
DA:122,1
DA:123,1
DA:124,1
DA:125,1
DA:126,1
DA:127,0
DA:128,0
DA:129,0
DA:130,0
DA:131,0
DA:132,0
DA:133,1
DA:134,1
DA:135,1
DA:136,1
DA:137,1
DA:138,1
DA:139,1
DA:140,1
DA:141,1
DA:142,1
DA:143,1
DA:144,1
DA:145,1
DA:146,1
DA:147,0
DA:148,0
DA:149,0
DA:150,0
DA:151,0
DA:152,0
DA:153,0
DA:154,0
DA:155,0
DA:156,0
DA:157,0
DA:158,0
DA:159,1
DA:160,1
DA:161,1
DA:162,1
DA:163,1
DA:164,1
DA:165,1
DA:166,0
DA:167,0
DA:168,0
DA:169,0
DA:170,0
DA:171,0
DA:172,0
DA:173,0
DA:174,0
DA:175,0
DA:176,0
DA:177,0
DA:178,1
DA:179,1
DA:180,0
DA:181,0
DA:182,0
DA:183,0
DA:184,0
DA:185,0
DA:186,0
DA:187,0
DA:188,0
DA:189,0
DA:190,0
DA:191,0
DA:192,1
DA:193,1
DA:194,0
DA:195,0
DA:196,0
DA:197,0
DA:198,0
DA:199,0
DA:200,0
DA:201,0
DA:202,0
DA:203,0
DA:204,0
DA:205,0
DA:206,1
DA:207,1
DA:208,1
DA:209,1
DA:210,0
DA:211,0
DA:212,0
DA:213,0
DA:214,0
DA:215,1
DA:216,1
DA:217,0
DA:218,0
DA:219,0
DA:220,0
DA:221,0
DA:222,0
DA:223,0
DA:224,0
DA:225,1
DA:226,1
DA:227,0
DA:228,0
DA:229,0
DA:230,0
DA:231,0
DA:232,0
DA:233,0
DA:234,0
DA:235,0
LF:235
LH:87
BRDA:2,0,0,4
BRDA:2,1,0,0
BRDA:2,2,0,0
BRDA:2,3,0,0
BRDA:2,4,0,0
BRDA:2,5,0,0
BRDA:2,6,0,0
BRDA:2,7,0,52
BRDA:2,8,0,8
BRDA:2,9,0,24
BRDA:2,10,0,4
BRDA:2,11,0,0
BRDA:2,12,0,0
BRDA:2,13,0,0
BRDA:2,14,0,4
BRDA:2,15,0,0
BRDA:2,16,0,4
BRDA:38,17,0,4
BRF:18
BRH:8
end_of_record
TN:
SF:src\utils\cookie.ts
FN:1,getCookie
FN:17,setCookie
FN:49,deleteCookie
FNF:3
FNH:2
FNDA:0,getCookie
FNDA:2,setCookie
FNDA:2,deleteCookie
DA:1,1
DA:2,0
DA:3,0
DA:4,0
DA:5,0
DA:6,0
DA:7,0
DA:8,0
DA:9,0
DA:10,0
DA:11,0
DA:12,1
DA:13,1
DA:14,1
DA:15,1
DA:16,1
DA:17,1
DA:18,2
DA:19,2
DA:20,2
DA:21,2
DA:22,2
DA:23,2
DA:24,2
DA:25,2
DA:26,2
DA:27,2
DA:28,2
DA:29,2
DA:30,2
DA:31,2
DA:32,2
DA:33,2
DA:34,2
DA:35,2
DA:36,2
DA:37,2
DA:38,2
DA:39,2
DA:40,4
DA:41,4
DA:42,4
DA:43,4
DA:44,4
DA:45,4
DA:46,2
DA:47,2
DA:48,1
DA:49,1
DA:50,2
DA:51,2
LF:51
LH:41
BRDA:17,0,0,2
BRDA:20,1,0,0
BRDA:39,2,0,4
BRDA:49,3,0,2
BRF:4
BRH:3
end_of_record
